Flow report for hanming_code
Sun Mar 30 00:08:20 2025
Quartus II Version 9.0 Build 132 02/25/2009 SJ Full Version


---------------------
; Table of Contents ;
---------------------
  1. Legal Notice
  2. Flow Summary
  3. Flow Settings
  4. Flow Non-Default Global Settings
  5. Flow Elapsed Time
  6. Flow OS Summary
  7. Flow Log



----------------
; Legal Notice ;
----------------
Copyright (C) 1991-2009 Altera Corporation
Your use of Altera Corporation's design tools, logic functions 
and other software and tools, and its AMPP partner logic 
functions, and any output files from any of the foregoing 
(including device programming or simulation files), and any 
associated documentation or information are expressly subject 
to the terms and conditions of the Altera Program License 
Subscription Agreement, Altera MegaCore Function License 
Agreement, or other applicable license agreement, including, 
without limitation, that your use is for the sole purpose of 
programming logic devices manufactured by Altera and sold by 
Altera or its authorized distributors.  Please refer to the 
applicable agreement for further details.



+--------------------------------------------------------------------+
; Flow Summary                                                       ;
+-------------------------+------------------------------------------+
; Flow Status             ; Successful - Sun Mar 30 00:08:20 2025    ;
; Quartus II Version      ; 9.0 Build 132 02/25/2009 SJ Full Version ;
; Revision Name           ; hanming_code                             ;
; Top-level Entity Name   ; hanming_decode_mif                       ;
; Family                  ; Cyclone                                  ;
; Device                  ; EP1C20F324C8                             ;
; Timing Models           ; Final                                    ;
; Met timing requirements ; No                                       ;
; Total logic elements    ; 327 / 20,060 ( 2 % )                     ;
; Total pins              ; 20 / 233 ( 9 % )                         ;
; Total virtual pins      ; 0                                        ;
; Total memory bits       ; 128 / 294,912 ( < 1 % )                  ;
; Total PLLs              ; 0 / 2 ( 0 % )                            ;
+-------------------------+------------------------------------------+


+-----------------------------------------+
; Flow Settings                           ;
+-------------------+---------------------+
; Option            ; Setting             ;
+-------------------+---------------------+
; Start date & time ; 03/30/2025 00:08:13 ;
; Main task         ; Compilation         ;
; Revision Name     ; hanming_code        ;
+-------------------+---------------------+


+----------------------------------------------------------------------------------------------------------------------------------------------------+
; Flow Non-Default Global Settings                                                                                                                   ;
+--------------------------------------+-------------------------------------------+---------------+--------------------+----------------------------+
; Assignment Name                      ; Value                                     ; Default Value ; Entity Name        ; Section Id                 ;
+--------------------------------------+-------------------------------------------+---------------+--------------------+----------------------------+
; COMPILER_SIGNATURE_ID                ; 96830611899179.174326449328832            ; --            ; --                 ; --                         ;
; EDA_DESIGN_INSTANCE_NAME             ; hanming_decode_mif_vlg_tst                ; --            ; --                 ; hanming_decode_mif_vlg_tst ;
; EDA_NATIVELINK_SIMULATION_TEST_BENCH ; hanming_decode_mif_vlg_tst                ; --            ; --                 ; eda_simulation             ;
; EDA_OUTPUT_DATA_FORMAT               ; Verilog Hdl                               ; --            ; --                 ; eda_simulation             ;
; EDA_RUN_TOOL_AUTOMATICALLY           ; Off                                       ; --            ; --                 ; eda_simulation             ;
; EDA_SIMULATION_TOOL                  ; ModelSim-Altera (Verilog)                 ; <None>        ; --                 ; --                         ;
; EDA_TEST_BENCH_ENABLE_STATUS         ; TEST_BENCH_MODE                           ; --            ; --                 ; eda_simulation             ;
; EDA_TEST_BENCH_FILE                  ; simulation/modelsim/hanming_decode_mif.vt ; --            ; --                 ; hanming_decode_mif_vlg_tst ;
; EDA_TEST_BENCH_MODULE_NAME           ; hanming_decode_mif_vlg_tst                ; --            ; --                 ; hanming_decode_mif_vlg_tst ;
; EDA_TEST_BENCH_NAME                  ; hanming_decode_mif_vlg_tst                ; --            ; --                 ; eda_simulation             ;
; EDA_TIME_SCALE                       ; 1 ps                                      ; --            ; --                 ; eda_simulation             ;
; MAX_CORE_JUNCTION_TEMP               ; 85                                        ; --            ; --                 ; --                         ;
; MIN_CORE_JUNCTION_TEMP               ; 0                                         ; --            ; --                 ; --                         ;
; PARTITION_COLOR                      ; 16764057                                  ; --            ; hanming_decode_mif ; Top                        ;
; PARTITION_NETLIST_TYPE               ; SOURCE                                    ; --            ; hanming_decode_mif ; Top                        ;
; TOP_LEVEL_ENTITY                     ; hanming_decode_mif                        ; hanming_code  ; --                 ; --                         ;
; USE_GENERATED_PHYSICAL_CONSTRAINTS   ; Off                                       ; --            ; --                 ; eda_blast_fpga             ;
+--------------------------------------+-------------------------------------------+---------------+--------------------+----------------------------+


+-----------------------------------------------------------------------------------------------------------------------------+
; Flow Elapsed Time                                                                                                           ;
+-------------------------+--------------+-------------------------+---------------------+------------------------------------+
; Module Name             ; Elapsed Time ; Average Processors Used ; Peak Virtual Memory ; Total CPU Time (on all processors) ;
+-------------------------+--------------+-------------------------+---------------------+------------------------------------+
; Analysis & Synthesis    ; 00:00:01     ; 1.0                     ; 259 MB              ; 00:00:01                           ;
; Fitter                  ; 00:00:02     ; 1.0                     ; 306 MB              ; 00:00:02                           ;
; Assembler               ; 00:00:01     ; 1.0                     ; 249 MB              ; 00:00:01                           ;
; Classic Timing Analyzer ; 00:00:00     ; 1.0                     ; 183 MB              ; 00:00:00                           ;
; EDA Netlist Writer      ; 00:00:00     ; 1.0                     ; 171 MB              ; 00:00:00                           ;
; Total                   ; 00:00:04     ; --                      ; --                  ; 00:00:04                           ;
+-------------------------+--------------+-------------------------+---------------------+------------------------------------+


+------------------------------------------------------------------------------------------+
; Flow OS Summary                                                                          ;
+-------------------------+------------------+---------------+------------+----------------+
; Module Name             ; Machine Hostname ; OS Name       ; OS Version ; Processor type ;
+-------------------------+------------------+---------------+------------+----------------+
; Analysis & Synthesis    ; DcStarkBrain     ; Windows Vista ; 6.2        ; x86_64         ;
; Fitter                  ; DcStarkBrain     ; Windows Vista ; 6.2        ; x86_64         ;
; Assembler               ; DcStarkBrain     ; Windows Vista ; 6.2        ; x86_64         ;
; Classic Timing Analyzer ; DcStarkBrain     ; Windows Vista ; 6.2        ; x86_64         ;
; EDA Netlist Writer      ; DcStarkBrain     ; Windows Vista ; 6.2        ; x86_64         ;
+-------------------------+------------------+---------------+------------+----------------+


------------
; Flow Log ;
------------
quartus_map --read_settings_files=on --write_settings_files=off hanming_code -c hanming_code
quartus_fit --read_settings_files=off --write_settings_files=off hanming_code -c hanming_code
quartus_asm --read_settings_files=off --write_settings_files=off hanming_code -c hanming_code
quartus_tan --read_settings_files=off --write_settings_files=off hanming_code -c hanming_code --timing_analysis_only
quartus_eda --read_settings_files=off --write_settings_files=off hanming_code -c hanming_code



